{"C:\\Users\\akeem\\Desktop\\jest\\src\\healthColor.js": {"path":"C:\\Users\\akeem\\Desktop\\jest\\src\\healthColor.js","statementMap":{"0":{"start":{"line":2,"column":12},"end":{"line":2,"column":14}},"1":{"start":{"line":3,"column":2},"end":{"line":5,"column":3}},"2":{"start":{"line":4,"column":4},"end":{"line":4,"column":20}},"3":{"start":{"line":6,"column":2},"end":{"line":8,"column":3}},"4":{"start":{"line":7,"column":4},"end":{"line":7,"column":20}},"5":{"start":{"line":9,"column":2},"end":{"line":11,"column":3}},"6":{"start":{"line":10,"column":4},"end":{"line":10,"column":21}},"7":{"start":{"line":12,"column":2},"end":{"line":12,"column":13}}},"fnMap":{"0":{"name":"healthColor","decl":{"start":{"line":1,"column":24},"end":{"line":1,"column":35}},"loc":{"start":{"line":1,"column":42},"end":{"line":13,"column":1}},"line":1}},"branchMap":{"0":{"loc":{"start":{"line":3,"column":2},"end":{"line":5,"column":3}},"type":"if","locations":[{"start":{"line":3,"column":2},"end":{"line":5,"column":3}},{"start":{},"end":{}}],"line":3},"1":{"loc":{"start":{"line":6,"column":2},"end":{"line":8,"column":3}},"type":"if","locations":[{"start":{"line":6,"column":2},"end":{"line":8,"column":3}},{"start":{},"end":{}}],"line":6},"2":{"loc":{"start":{"line":6,"column":6},"end":{"line":6,"column":47}},"type":"binary-expr","locations":[{"start":{"line":6,"column":7},"end":{"line":6,"column":23}},{"start":{"line":6,"column":29},"end":{"line":6,"column":46}}],"line":6},"3":{"loc":{"start":{"line":9,"column":2},"end":{"line":11,"column":3}},"type":"if","locations":[{"start":{"line":9,"column":2},"end":{"line":11,"column":3}},{"start":{},"end":{}}],"line":9}},"s":{"0":3,"1":3,"2":1,"3":3,"4":1,"5":3,"6":1,"7":3},"f":{"0":3},"b":{"0":[1,2],"1":[1,2],"2":[3,2],"3":[1,2]},"_coverageSchema":"1a1c01bbd47fc00a2c39e90264f33305004495a9","hash":"409c85b108ff075fa7abfbb0b4f3c001bb0605fe"}
,"C:\\Users\\akeem\\Desktop\\jest\\src\\healthSort.js": {"path":"C:\\Users\\akeem\\Desktop\\jest\\src\\healthSort.js","statementMap":{"0":{"start":{"line":3,"column":2},"end":{"line":3,"column":37}},"1":{"start":{"line":3,"column":27},"end":{"line":3,"column":37}},"2":{"start":{"line":4,"column":2},"end":{"line":4,"column":38}},"3":{"start":{"line":4,"column":29},"end":{"line":4,"column":38}},"4":{"start":{"line":5,"column":2},"end":{"line":5,"column":36}},"5":{"start":{"line":5,"column":27},"end":{"line":5,"column":36}},"6":{"start":{"line":9,"column":2},"end":{"line":9,"column":23}},"7":{"start":{"line":11,"column":2},"end":{"line":11,"column":13}}},"fnMap":{"0":{"name":"comparison","decl":{"start":{"line":2,"column":9},"end":{"line":2,"column":19}},"loc":{"start":{"line":2,"column":26},"end":{"line":6,"column":1}},"line":2},"1":{"name":"healthSort","decl":{"start":{"line":8,"column":24},"end":{"line":8,"column":34}},"loc":{"start":{"line":8,"column":40},"end":{"line":12,"column":1}},"line":8}},"branchMap":{"0":{"loc":{"start":{"line":3,"column":2},"end":{"line":3,"column":37}},"type":"if","locations":[{"start":{"line":3,"column":2},"end":{"line":3,"column":37}},{"start":{},"end":{}}],"line":3},"1":{"loc":{"start":{"line":4,"column":2},"end":{"line":4,"column":38}},"type":"if","locations":[{"start":{"line":4,"column":2},"end":{"line":4,"column":38}},{"start":{},"end":{}}],"line":4},"2":{"loc":{"start":{"line":5,"column":2},"end":{"line":5,"column":36}},"type":"if","locations":[{"start":{"line":5,"column":2},"end":{"line":5,"column":36}},{"start":{},"end":{}}],"line":5}},"s":{"0":8,"1":4,"2":4,"3":1,"4":3,"5":3,"6":1,"7":1},"f":{"0":8,"1":1},"b":{"0":[4,4],"1":[1,3],"2":[3,0]},"_coverageSchema":"1a1c01bbd47fc00a2c39e90264f33305004495a9","hash":"11cab3ee28f21f7d406d379f10f0f41f0c06ede0"}
}
