TN:
SF:src\healthColor.js
FN:1,healthColor
FNF:1
FNH:1
FNDA:3,healthColor
DA:2,3
DA:3,3
DA:4,1
DA:6,3
DA:7,1
DA:9,3
DA:10,1
DA:12,3
LF:8
LH:8
BRDA:3,0,0,1
BRDA:3,0,1,2
BRDA:6,1,0,1
BRDA:6,1,1,2
BRDA:6,2,0,3
BRDA:6,2,1,2
BRDA:9,3,0,1
BRDA:9,3,1,2
BRF:8
BRH:8
end_of_record
TN:
SF:src\healthSort.js
FN:2,comparison
FN:8,healthSort
FNF:2
FNH:2
FNDA:8,comparison
FNDA:1,healthSort
DA:3,8
DA:4,4
DA:5,3
DA:9,1
DA:11,1
LF:5
LH:5
BRDA:3,0,0,4
BRDA:3,0,1,4
BRDA:4,1,0,1
BRDA:4,1,1,3
BRDA:5,2,0,3
BRDA:5,2,1,0
BRF:6
BRH:5
end_of_record
